FOF_lib/build/intermediates/manifest_merge_blame_file/debug/processDebugManifest/manifest-merger-blame-debug-report.txt
1<?xml version="1.0" encoding="utf-8"?>
2<manifest xmlns:android="http://schemas.android.com/apk/res/android"
3    xmlns:tools="http://schemas.android.com/tools"
4    package="com.niceapps.fofscr.lib" >
5
6    <uses-sdk android:minSdkVersion="24" />
6-->INJECTED
6-->INJECTED
7
8    <uses-permission android:name="android.permission.INTERNET" />
8-->src\main\AndroidManifest.xml:5:5-67
8-->src\main\AndroidManifest.xml:5:22-64
9    <uses-permission android:name="android.permission.ACCESS_NETWORK_STATE" />
9-->src\main\AndroidManifest.xml:6:5-79
9-->src\main\AndroidManifest.xml:6:22-76
10    <uses-permission
10-->src\main\AndroidManifest.xml:7:5-9:31
11        android:name="com.google.android.gms.permission.AD_ID"
11-->src\main\AndroidManifest.xml:8:9-63
12        tools:node="remove" />
12-->src\main\AndroidManifest.xml:9:9-28
13
14    <application>
14-->src\main\AndroidManifest.xml:11:5-39:19
15        <activity
15-->src\main\AndroidManifest.xml:12:9-15:51
16            android:name="com.niceapps.fofscr.lib.activities.LanguageScreenOne"
16-->src\main\AndroidManifest.xml:13:13-57
17            android:exported="false"
17-->src\main\AndroidManifest.xml:14:13-37
18            android:screenOrientation="portrait" />
18-->src\main\AndroidManifest.xml:15:13-49
19        <activity
19-->src\main\AndroidManifest.xml:16:9-19:51
20            android:name="com.niceapps.fofscr.lib.activities.LanguageScreenDup"
20-->src\main\AndroidManifest.xml:17:13-57
21            android:exported="false"
21-->src\main\AndroidManifest.xml:18:13-37
22            android:screenOrientation="portrait" />
22-->src\main\AndroidManifest.xml:19:13-49
23        <activity
23-->src\main\AndroidManifest.xml:20:9-23:51
24            android:name="com.niceapps.fofscr.lib.activities.WelcomeScreenOne"
24-->src\main\AndroidManifest.xml:21:13-56
25            android:exported="true"
25-->src\main\AndroidManifest.xml:22:13-36
26            android:screenOrientation="portrait" />
26-->src\main\AndroidManifest.xml:23:13-49
27        <activity
27-->src\main\AndroidManifest.xml:24:9-27:51
28            android:name="com.niceapps.fofscr.lib.activities.WelcomeScreenDup"
28-->src\main\AndroidManifest.xml:25:13-56
29            android:exported="true"
29-->src\main\AndroidManifest.xml:26:13-36
30            android:screenOrientation="portrait" />
30-->src\main\AndroidManifest.xml:27:13-49
31        <activity
31-->src\main\AndroidManifest.xml:28:9-31:51
32            android:name="com.niceapps.fofscr.lib.activities.WalkThroughConfigActivity"
32-->src\main\AndroidManifest.xml:29:13-65
33            android:exported="true"
33-->src\main\AndroidManifest.xml:30:13-36
34            android:screenOrientation="portrait" />
34-->src\main\AndroidManifest.xml:31:13-49
35
36        <meta-data
36-->src\main\AndroidManifest.xml:33:9-35:57
37            android:name="preloaded_fonts"
37-->src\main\AndroidManifest.xml:34:13-43
38            android:resource="@array/preloaded_fonts" />
38-->src\main\AndroidManifest.xml:35:13-54
39        <meta-data
39-->src\main\AndroidManifest.xml:36:9-38:37
40            android:name="com.google.android.gms.ads.flag.NATIVE_AD_DEBUGGER_ENABLED"
40-->src\main\AndroidManifest.xml:37:13-86
41            android:value="false" />
41-->src\main\AndroidManifest.xml:38:13-34
42    </application>
43
44</manifest>